{"time":"18:04:26", "level": "ERROR", "message": ""We are unable to divide by zero!""}
Traceback (most recent call last):
  File "/home/kostya/Рабочий стол/pythonReent/mod6/venv/lib/python3.10/site-packages/flask/app.py", line 1823, in full_dispatch_request
    rv = self.dispatch_request()
  File "/home/kostya/Рабочий стол/pythonReent/mod6/venv/lib/python3.10/site-packages/flask/app.py", line 1799, in dispatch_request
    return self.ensure_sync(self.view_functions[rule.endpoint])(**view_args)
  File "/home/kostya/Рабочий стол/pythonReent/mod6/task_3/json_messages.py", line 33, in divide
    return f"a / b = {a / b:2f}"
ZeroDivisionError: division by zero
{"time":"18:04:32", "level": "INFO", "message": ""\u0421\u043e\u043e\u0431\u0449\u0435\u043d\u0438\u0435""}
{"time":"18:04:32", "level": "INFO", "message": ""\u0421\u043e\u043e\u0431\u0449\u0435\u043d\u0438\u0435""}
{"time":"18:05:09", "level": "ERROR", "message": "We are unable to divide by zero!"}
Traceback (most recent call last):
  File "/home/kostya/Рабочий стол/pythonReent/mod6/venv/lib/python3.10/site-packages/flask/app.py", line 1823, in full_dispatch_request
    rv = self.dispatch_request()
  File "/home/kostya/Рабочий стол/pythonReent/mod6/venv/lib/python3.10/site-packages/flask/app.py", line 1799, in dispatch_request
    return self.ensure_sync(self.view_functions[rule.endpoint])(**view_args)
  File "/home/kostya/Рабочий стол/pythonReent/mod6/task_3/json_messages.py", line 33, in divide
    return f"a / b = {a / b:2f}"
ZeroDivisionError: division by zero
{"time":"18:05:46", "level": "INFO", "message": "\u0421\u043e\u043e\u0431\u0449\u0435\u043d\u0438\u0435"}
{"time":"18:05:46", "level": "INFO", "message": "\u0421\u043e\u043e\u0431\u0449\u0435\u043d\u0438\u0435"}
{"time":"18:05:50", "level": "ERROR", "message": "We are unable \"to divide by zero!"}
Traceback (most recent call last):
  File "/home/kostya/Рабочий стол/pythonReent/mod6/venv/lib/python3.10/site-packages/flask/app.py", line 1823, in full_dispatch_request
    rv = self.dispatch_request()
  File "/home/kostya/Рабочий стол/pythonReent/mod6/venv/lib/python3.10/site-packages/flask/app.py", line 1799, in dispatch_request
    return self.ensure_sync(self.view_functions[rule.endpoint])(**view_args)
  File "/home/kostya/Рабочий стол/pythonReent/mod6/task_3/json_messages.py", line 33, in divide
    return f"a / b = {a / b:2f}"
ZeroDivisionError: division by zero
{"time":"18:27:35", "level": "INFO", "message": "\u0421\u043e\u043e\u0431\u0449\u0435\u043d\u0438\u0435"}
{"time":"18:27:35", "level": "INFO", "message": "\u0421\u043e\u043e\u0431\u0449\u0435\u043d\u0438\u0435"}
